Using pre-set license
Built from '6000.0/staging' branch; Version is '6000.0.34f1 (5ab2d9ed9190) revision 5944025'; Using compiler version '193933523'; Build Type 'Release'
OS: 'Windows 11  (10.0.26100) 64bit Core' Language: 'es' Physical Memory: 16085 MB
BatchMode: 1, IsHumanControllingUs: 0, StartBugReporterOnCrash: 0, Is64bit: 1, IsPro: 1

COMMAND LINE ARGUMENTS:
C:\Program Files\Unity\Hub\Editor\6000.0.34f1\Editor\Unity.exe
-adb2
-batchMode
-noUpm
-name
AssetImportWorker0
-projectPath
C:/Users/fumik/Documents/GitHub/GGJ25/GameJamProject
-logFile
Logs/AssetImportWorker0.log
-srvPort
49982
-job-worker-count
7
-background-job-worker-count
8
-gc-helper-count
1
Successfully changed project path to: C:/Users/fumik/Documents/GitHub/GGJ25/GameJamProject
C:/Users/fumik/Documents/GitHub/GGJ25/GameJamProject
[UnityMemory] Configuration Parameters - Can be set up in boot.config
    "memorysetup-bucket-allocator-granularity=16"
    "memorysetup-bucket-allocator-bucket-count=8"
    "memorysetup-bucket-allocator-block-size=33554432"
    "memorysetup-bucket-allocator-block-count=8"
    "memorysetup-main-allocator-block-size=16777216"
    "memorysetup-thread-allocator-block-size=16777216"
    "memorysetup-gfx-main-allocator-block-size=16777216"
    "memorysetup-gfx-thread-allocator-block-size=16777216"
    "memorysetup-cache-allocator-block-size=4194304"
    "memorysetup-typetree-allocator-block-size=2097152"
    "memorysetup-profiler-bucket-allocator-granularity=16"
    "memorysetup-profiler-bucket-allocator-bucket-count=8"
    "memorysetup-profiler-bucket-allocator-block-size=33554432"
    "memorysetup-profiler-bucket-allocator-block-count=8"
    "memorysetup-profiler-allocator-block-size=16777216"
    "memorysetup-profiler-editor-allocator-block-size=1048576"
    "memorysetup-temp-allocator-size-main=16777216"
    "memorysetup-job-temp-allocator-block-size=2097152"
    "memorysetup-job-temp-allocator-block-size-background=1048576"
    "memorysetup-job-temp-allocator-reduction-small-platforms=262144"
    "memorysetup-allocator-temp-initial-block-size-main=262144"
    "memorysetup-allocator-temp-initial-block-size-worker=262144"
    "memorysetup-temp-allocator-size-background-worker=32768"
    "memorysetup-temp-allocator-size-job-worker=262144"
    "memorysetup-temp-allocator-size-preload-manager=33554432"
    "memorysetup-temp-allocator-size-nav-mesh-worker=65536"
    "memorysetup-temp-allocator-size-audio-worker=65536"
    "memorysetup-temp-allocator-size-cloud-worker=32768"
    "memorysetup-temp-allocator-size-gi-baking-worker=262144"
    "memorysetup-temp-allocator-size-gi-baking-worker=262144"
    "memorysetup-temp-allocator-size-gi-baking-worker=262144"
    "memorysetup-temp-allocator-size-gi-baking-worker=262144"
    "memorysetup-temp-allocator-size-gi-baking-worker=262144"
    "memorysetup-temp-allocator-size-gfx=262144"
Player connection [32664]  Target information:

Player connection [32664]  * "[IP] 10.19.68.165 [Port] 0 [Flags] 2 [Guid] 2372718732 [EditorId] 2372718732 [Version] 1048832 [Id] WindowsEditor(7,DESKTOP-66JOHRV) [Debug] 1 [PackageName] WindowsEditor [ProjectName] Editor" 

Player connection [32664] Host joined multi-casting on [225.0.0.222:54997]...
Player connection [32664] Host joined alternative multi-casting on [225.0.0.222:34997]...
JobSystem: Creating JobQueue using job-worker-count value 7
Input System module state changed to: Initialized.
[Physics::Module] Initialized fallback backend.
[Physics::Module] Id: 0xdecafbad
Library Redirect Path: Library/
[Physics::Module] Selected backend.
[Physics::Module] Name: PhysX
[Physics::Module] Id: 0xf2b8ea05
[Physics::Module] SDK Version: 4.1.2
[Physics::Module] Integration Version: 1.0.0
[Physics::Module] Threading Mode: Multi-Threaded
Refreshing native plugins compatible for Editor in 1.91 ms, found 3 plugins.
Preloading 0 native plugins for Editor in 0.00 ms.
Initialize engine version: 6000.0.34f1 (5ab2d9ed9190)
[Subsystems] Discovering subsystems at path C:/Program Files/Unity/Hub/Editor/6000.0.34f1/Editor/Data/Resources/UnitySubsystems
[Subsystems] Discovering subsystems at path C:/Users/fumik/Documents/GitHub/GGJ25/GameJamProject/Assets
GfxDevice: creating device client; kGfxThreadingModeNonThreaded
Direct3D:
    Version:  Direct3D 11.0 [level 11.1]
    Renderer: NVIDIA GeForce RTX 3070 Laptop GPU (ID=0x249d)
    Vendor:   NVIDIA
    VRAM:     8020 MB
    Driver:   32.0.15.6636
Initialize mono
Mono path[0] = 'C:/Program Files/Unity/Hub/Editor/6000.0.34f1/Editor/Data/Managed'
Mono path[1] = 'C:/Program Files/Unity/Hub/Editor/6000.0.34f1/Editor/Data/MonoBleedingEdge/lib/mono/unityjit-win32'
Mono config path = 'C:/Program Files/Unity/Hub/Editor/6000.0.34f1/Editor/Data/MonoBleedingEdge/etc'
Using monoOptions --debugger-agent=transport=dt_socket,embedding=1,server=y,suspend=n,address=127.0.0.1:56256
Begin MonoManager ReloadAssembly
Registering precompiled unity dll's ...
Register platform support module: C:/Program Files/Unity/Hub/Editor/6000.0.34f1/Editor/Data/PlaybackEngines/WindowsStandaloneSupport/UnityEditor.WindowsStandalone.Extensions.dll
Registered in 0.005143 seconds.
- Loaded All Assemblies, in  0.445 seconds
Native extension for WindowsStandalone target not found
Mono: successfully reloaded assembly
- Finished resetting the current domain, in  0.328 seconds
Domain Reload Profiling: 769ms
	BeginReloadAssembly (156ms)
		ExecutionOrderSort (0ms)
		DisableScriptedObjects (0ms)
		BackupInstance (0ms)
		ReleaseScriptingObjects (0ms)
		CreateAndSetChildDomain (1ms)
	RebuildCommonClasses (40ms)
	RebuildNativeTypeToScriptingClass (12ms)
	initialDomainReloadingComplete (57ms)
	LoadAllAssembliesAndSetupDomain (176ms)
		LoadAssemblies (150ms)
		RebuildTransferFunctionScriptingTraits (0ms)
		AnalyzeDomain (173ms)
			TypeCache.Refresh (171ms)
				TypeCache.ScanAssembly (155ms)
			BuildScriptInfoCaches (0ms)
			ResolveRequiredComponents (0ms)
	FinalizeReload (328ms)
		ReleaseScriptCaches (0ms)
		RebuildScriptCaches (0ms)
		SetupLoadedEditorAssemblies (296ms)
			LogAssemblyErrors (0ms)
			InitializePlatformSupportModulesInManaged (29ms)
			SetLoadedEditorAssemblies (5ms)
			BeforeProcessingInitializeOnLoad (52ms)
			ProcessInitializeOnLoadAttributes (156ms)
			ProcessInitializeOnLoadMethodAttributes (55ms)
			AfterProcessingInitializeOnLoad (0ms)
			EditorAssembliesLoaded (0ms)
		ExecutionOrderSort2 (0ms)
		AwakeInstancesAfterBackupRestoration (0ms)
========================================================================
Worker process is ready to serve import requests
Import Worker Mode flag is 0x00
Begin MonoManager ReloadAssembly
- Loaded All Assemblies, in  0.909 seconds
Refreshing native plugins compatible for Editor in 1.11 ms, found 3 plugins.
Native extension for WindowsStandalone target not found
Mono: successfully reloaded assembly
- Finished resetting the current domain, in  0.749 seconds
Domain Reload Profiling: 1654ms
	BeginReloadAssembly (180ms)
		ExecutionOrderSort (0ms)
		DisableScriptedObjects (6ms)
		BackupInstance (0ms)
		ReleaseScriptingObjects (0ms)
		CreateAndSetChildDomain (35ms)
	RebuildCommonClasses (40ms)
	RebuildNativeTypeToScriptingClass (12ms)
	initialDomainReloadingComplete (45ms)
	LoadAllAssembliesAndSetupDomain (625ms)
		LoadAssemblies (374ms)
		RebuildTransferFunctionScriptingTraits (0ms)
		AnalyzeDomain (356ms)
			TypeCache.Refresh (264ms)
				TypeCache.ScanAssembly (243ms)
			BuildScriptInfoCaches (77ms)
			ResolveRequiredComponents (12ms)
	FinalizeReload (750ms)
		ReleaseScriptCaches (0ms)
		RebuildScriptCaches (0ms)
		SetupLoadedEditorAssemblies (626ms)
			LogAssemblyErrors (0ms)
			InitializePlatformSupportModulesInManaged (3ms)
			SetLoadedEditorAssemblies (5ms)
			BeforeProcessingInitializeOnLoad (109ms)
			ProcessInitializeOnLoadAttributes (448ms)
			ProcessInitializeOnLoadMethodAttributes (54ms)
			AfterProcessingInitializeOnLoad (6ms)
			EditorAssembliesLoaded (0ms)
		ExecutionOrderSort2 (0ms)
		AwakeInstancesAfterBackupRestoration (7ms)
Launched and connected shader compiler UnityShaderCompiler.exe after 0.02 seconds
Refreshing native plugins compatible for Editor in 2.10 ms, found 3 plugins.
Preloading 0 native plugins for Editor in 0.00 ms.
Unloading 131 Unused Serialized files (Serialized files now loaded: 0)
Unloading 5997 unused Assets / (5.8 MB). Loaded Objects now: 6539.
Memory consumption went from 146.8 MB to 141.0 MB.
Total: 14.690800 ms (FindLiveObjects: 0.856500 ms CreateObjectMapping: 1.218600 ms MarkObjects: 7.943800 ms  DeleteObjects: 4.670500 ms)

========================================================================
Received Import Request.
  Time since last request: 23371.577224 seconds.
  path: Assets/DefaultVolumeProfile.asset
  artifactKey: Guid(c018260152956964f9eef0fae41be812) Importer(815301076,1909f56bfc062723c751e8b465ee728b)
Start importing Assets/DefaultVolumeProfile.asset using Guid(c018260152956964f9eef0fae41be812) Importer(815301076,1909f56bfc062723c751e8b465ee728b) (PreviewImporter) -> (artifact id: 'e03e4c7af9285b14dac78c8e6be94de4') in 0.0430432 seconds
Number of updated asset objects reloaded before import = 0Number of asset objects unloaded after import = 1

========================================================================
Received Import Request.
  Time since last request: 0.000027 seconds.
  path: Assets/InputSystem_Actions.inputactions
  artifactKey: Guid(289c1b55c9541489481df5cc06664110) Importer(815301076,1909f56bfc062723c751e8b465ee728b)
Start importing Assets/InputSystem_Actions.inputactions using Guid(289c1b55c9541489481df5cc06664110) Importer(815301076,1909f56bfc062723c751e8b465ee728b) (PreviewImporter) -> (artifact id: '4960200e41d6987b56b3a9f727feaef9') in 0.0125973 seconds
Number of updated asset objects reloaded before import = 0Number of asset objects unloaded after import = 20

========================================================================
Received Import Request.
  Time since last request: 5.796411 seconds.
  path: Assets/Javi
  artifactKey: Guid(9b081a5226b7d654ca1d2aded8a37188) Importer(815301076,1909f56bfc062723c751e8b465ee728b)
Start importing Assets/Javi using Guid(9b081a5226b7d654ca1d2aded8a37188) Importer(815301076,1909f56bfc062723c751e8b465ee728b) (PreviewImporter) -> (artifact id: 'b84aa59028819c3e922be27140c4af74') in 0.0020758 seconds
Number of updated asset objects reloaded before import = 0Number of asset objects unloaded after import = 0

========================================================================
Received Import Request.
  Time since last request: 61.444800 seconds.
  path: Assets/Javi/Materials
  artifactKey: Guid(fd75d14e5ed78a142886dddf7192d4e9) Importer(815301076,1909f56bfc062723c751e8b465ee728b)
Start importing Assets/Javi/Materials using Guid(fd75d14e5ed78a142886dddf7192d4e9) Importer(815301076,1909f56bfc062723c751e8b465ee728b) (PreviewImporter) -> (artifact id: 'a11490051419278f14a6f02f1e8b11f8') in 0.000771 seconds
Number of updated asset objects reloaded before import = 0Number of asset objects unloaded after import = 0

========================================================================
Received Import Request.
  Time since last request: 1.593793 seconds.
  path: Assets/Javi/MainScene.unity
  artifactKey: Guid(8e25eb7b3f685e849811acf1824f188c) Importer(815301076,1909f56bfc062723c751e8b465ee728b)
Start importing Assets/Javi/MainScene.unity using Guid(8e25eb7b3f685e849811acf1824f188c) Importer(815301076,1909f56bfc062723c751e8b465ee728b) (PreviewImporter) -> (artifact id: '7a3811aa641fe7a25d85921fad6b7728') in 0.0009901 seconds
Number of updated asset objects reloaded before import = 0Number of asset objects unloaded after import = 0

========================================================================
Received Import Request.
  Time since last request: 11.158176 seconds.
  path: Assets/Javi/Materials/Suelo.mat
  artifactKey: Guid(40ebcc498cd37144b8277cb9b3390fb0) Importer(815301076,1909f56bfc062723c751e8b465ee728b)
Start importing Assets/Javi/Materials/Suelo.mat using Guid(40ebcc498cd37144b8277cb9b3390fb0) Importer(815301076,1909f56bfc062723c751e8b465ee728b) (PreviewImporter) -> (artifact id: '60c0673c169545c38913c4d4ab3345a5') in 0.2233824 seconds
Number of updated asset objects reloaded before import = 0Number of asset objects unloaded after import = 1

========================================================================
Received Import Request.
  Time since last request: 26.635301 seconds.
  path: Assets/Javi/Materials/Camino.mat
  artifactKey: Guid(8734470a21b8c9a458e77fd05176c834) Importer(815301076,1909f56bfc062723c751e8b465ee728b)
Start importing Assets/Javi/Materials/Camino.mat using Guid(8734470a21b8c9a458e77fd05176c834) Importer(815301076,1909f56bfc062723c751e8b465ee728b) (PreviewImporter) -> (artifact id: '18c2d43f185edd6cd4327ffbfcb68f8e') in 0.0065224 seconds
Number of updated asset objects reloaded before import = 0Number of asset objects unloaded after import = 1

========================================================================
Received Import Request.
  Time since last request: 31.336788 seconds.
  path: Assets/Javi/Materials/Bubbles.mat
  artifactKey: Guid(86eb251c6f37609428919c8a0ef5a879) Importer(815301076,1909f56bfc062723c751e8b465ee728b)
Start importing Assets/Javi/Materials/Bubbles.mat using Guid(86eb251c6f37609428919c8a0ef5a879) Importer(815301076,1909f56bfc062723c751e8b465ee728b) (PreviewImporter) -> (artifact id: '0ea1b91ff0d19b817d558e1adea3a4c1') in 0.0062329 seconds
Number of updated asset objects reloaded before import = 0Number of asset objects unloaded after import = 1

========================================================================
Received Import Request.
  Time since last request: 22.746101 seconds.
  path: Assets/Javi/Materials/Limites.mat
  artifactKey: Guid(a07a8759fd66690478fdd8f260971de3) Importer(815301076,1909f56bfc062723c751e8b465ee728b)
Start importing Assets/Javi/Materials/Limites.mat using Guid(a07a8759fd66690478fdd8f260971de3) Importer(815301076,1909f56bfc062723c751e8b465ee728b) (PreviewImporter) -> (artifact id: '9ccd6cf7453bc618f3fb8a056a62f166') in 0.0078976 seconds
Number of updated asset objects reloaded before import = 0Number of asset objects unloaded after import = 1

========================================================================
Received Import Request.
  Time since last request: 44.147282 seconds.
  path: Assets/Javi/Materials/Tablon.mat
  artifactKey: Guid(88dee77dacb760441b5b302e5ecdb756) Importer(815301076,1909f56bfc062723c751e8b465ee728b)
Start importing Assets/Javi/Materials/Tablon.mat using Guid(88dee77dacb760441b5b302e5ecdb756) Importer(815301076,1909f56bfc062723c751e8b465ee728b) (PreviewImporter) -> (artifact id: 'd32d512a63674318ac0aed5a62f5278a') in 0.0071197 seconds
Number of updated asset objects reloaded before import = 0Number of asset objects unloaded after import = 1

========================================================================
Received Import Request.
  Time since last request: 12.742183 seconds.
  path: Assets/Javi/Materials/Bubbles.mat
  artifactKey: Guid(86eb251c6f37609428919c8a0ef5a879) Importer(815301076,1909f56bfc062723c751e8b465ee728b)
Start importing Assets/Javi/Materials/Bubbles.mat using Guid(86eb251c6f37609428919c8a0ef5a879) Importer(815301076,1909f56bfc062723c751e8b465ee728b) (PreviewImporter) -> (artifact id: '67e0a3da54098c4e3d881c9c3ed9d918') in 0.0091223 seconds
Number of updated asset objects reloaded before import = 0Number of asset objects unloaded after import = 1

========================================================================
Received Import Request.
  Time since last request: 0.000077 seconds.
  path: Assets/Javi/Materials/Limites.mat
  artifactKey: Guid(a07a8759fd66690478fdd8f260971de3) Importer(815301076,1909f56bfc062723c751e8b465ee728b)
Start importing Assets/Javi/Materials/Limites.mat using Guid(a07a8759fd66690478fdd8f260971de3) Importer(815301076,1909f56bfc062723c751e8b465ee728b) (PreviewImporter) -> (artifact id: '9d6563a2b4c62ef81158ae9f106b2ad4') in 0.0119423 seconds
Number of updated asset objects reloaded before import = 0Number of asset objects unloaded after import = 1

========================================================================
Received Import Request.
  Time since last request: 0.000026 seconds.
  path: Assets/Javi/Materials/Tablon.mat
  artifactKey: Guid(88dee77dacb760441b5b302e5ecdb756) Importer(815301076,1909f56bfc062723c751e8b465ee728b)
Start importing Assets/Javi/Materials/Tablon.mat using Guid(88dee77dacb760441b5b302e5ecdb756) Importer(815301076,1909f56bfc062723c751e8b465ee728b) (PreviewImporter) -> (artifact id: 'd136e60a881dabafb5a4ac00e9933328') in 0.0082724 seconds
Number of updated asset objects reloaded before import = 0Number of asset objects unloaded after import = 1

========================================================================
Received Import Request.
  Time since last request: 0.000094 seconds.
  path: Assets/Javi/Materials/Suelo.mat
  artifactKey: Guid(40ebcc498cd37144b8277cb9b3390fb0) Importer(815301076,1909f56bfc062723c751e8b465ee728b)
Start importing Assets/Javi/Materials/Suelo.mat using Guid(40ebcc498cd37144b8277cb9b3390fb0) Importer(815301076,1909f56bfc062723c751e8b465ee728b) (PreviewImporter) -> (artifact id: '8e0b8fd0a40e828f47266e64c4397a73') in 0.0084824 seconds
Number of updated asset objects reloaded before import = 0Number of asset objects unloaded after import = 1

